e:\desktop\kart\tiredataanalyzer\tiredataanalyzer\fittingsolvercore\debug\fittingsolvercore.pch
e:\desktop\kart\tiredataanalyzer\tiredataanalyzer\fittingsolvercore\debug\vc141.pdb
e:\desktop\kart\tiredataanalyzer\tiredataanalyzer\fittingsolvercore\debug\stdafx.obj
e:\desktop\kart\tiredataanalyzer\tiredataanalyzer\fittingsolvercore\debug\lmfittingsolvercore.obj
e:\desktop\kart\tiredataanalyzer\tiredataanalyzer\fittingsolvercore\debug\assemblyinfo.obj
e:\desktop\kart\tiredataanalyzer\tiredataanalyzer\fittingsolvercore\debug\nloptfittingsolvercore.obj
e:\desktop\kart\tiredataanalyzer\tiredataanalyzer\fittingsolvercore\debug\.netframework,version=v4.6.1.assemblyattributes.obj
e:\desktop\kart\tiredataanalyzer\tiredataanalyzer\fittingsolvercore\debug\.netframework,version=v4.6.1.assemblyattributes.asm
e:\desktop\kart\tiredataanalyzer\tiredataanalyzer\debug\tiredatautils.dll
e:\desktop\kart\tiredataanalyzer\tiredataanalyzer\debug\tiredatautils.pdb
e:\desktop\kart\tiredataanalyzer\tiredataanalyzer\debug\fittingsolvercore.dll
e:\desktop\kart\tiredataanalyzer\tiredataanalyzer\debug\fittingsolvercore.pdb
e:\desktop\kart\tiredataanalyzer\tiredataanalyzer\fittingsolvercore\debug\fittings.878bf22a.tlog\metagen.write.1.tlog
e:\desktop\kart\tiredataanalyzer\tiredataanalyzer\fittingsolvercore\debug\fittingsolvercore.vcxprojresolveassemblyreference.cache
e:\desktop\kart\tiredataanalyzer\tiredataanalyzer\fittingsolvercore\debug\fittings.878bf22a.tlog\cl.command.1.tlog
e:\desktop\kart\tiredataanalyzer\tiredataanalyzer\fittingsolvercore\debug\fittings.878bf22a.tlog\cl.read.1.tlog
e:\desktop\kart\tiredataanalyzer\tiredataanalyzer\fittingsolvercore\debug\fittings.878bf22a.tlog\cl.write.1.tlog
e:\desktop\kart\tiredataanalyzer\tiredataanalyzer\fittingsolvercore\debug\fittings.878bf22a.tlog\fittingsolvercore.write.1u.tlog
e:\desktop\kart\tiredataanalyzer\tiredataanalyzer\fittingsolvercore\debug\fittings.878bf22a.tlog\link.command.1.tlog
e:\desktop\kart\tiredataanalyzer\tiredataanalyzer\fittingsolvercore\debug\fittings.878bf22a.tlog\link.read.1.tlog
e:\desktop\kart\tiredataanalyzer\tiredataanalyzer\fittingsolvercore\debug\fittings.878bf22a.tlog\link.write.1.tlog
e:\desktop\kart\tiredataanalyzer\tiredataanalyzer\fittingsolvercore\debug\fittings.878bf22a.tlog\metagen.read.1.tlog
e:\desktop\kart\tiredataanalyzer\tiredataanalyzer\fittingsolvercore\debug\fittings.878bf22a.tlog\tiredatautils.dll.metagen
e:\desktop\kart\tiredataanalyzer\tiredataanalyzer\fittingsolvercore\debug\fittings.878bf22a.tlog\tzres.dll.bi
