e:\desktop\kart\tiredataanalyzer\tiredataanalyzer\fittingsolvercore\release\vc140.pdb
e:\desktop\kart\tiredataanalyzer\tiredataanalyzer\fittingsolvercore\release\.netframework,version=v4.5.2.assemblyattributes.obj
e:\desktop\kart\tiredataanalyzer\tiredataanalyzer\fittingsolvercore\release\.netframework,version=v4.5.2.assemblyattributes.asm
e:\desktop\kart\tiredataanalyzer\tiredataanalyzer\fittingsolvercore\release\fittingsolvercore.pch
e:\desktop\kart\tiredataanalyzer\tiredataanalyzer\fittingsolvercore\release\stdafx.obj
e:\desktop\kart\tiredataanalyzer\tiredataanalyzer\fittingsolvercore\release\vc141.pdb
e:\desktop\kart\tiredataanalyzer\tiredataanalyzer\fittingsolvercore\release\lmfittingsolvercore.obj
e:\desktop\kart\tiredataanalyzer\tiredataanalyzer\fittingsolvercore\release\assemblyinfo.obj
e:\desktop\kart\tiredataanalyzer\tiredataanalyzer\fittingsolvercore\release\nloptfittingsolvercore.obj
e:\desktop\kart\tiredataanalyzer\tiredataanalyzer\fittingsolvercore\release\.netframework,version=v4.6.1.assemblyattributes.obj
e:\desktop\kart\tiredataanalyzer\tiredataanalyzer\fittingsolvercore\release\.netframework,version=v4.6.1.assemblyattributes.asm
e:\desktop\kart\tiredataanalyzer\tiredataanalyzer\release\tiredatautils.dll
e:\desktop\kart\tiredataanalyzer\tiredataanalyzer\release\tiredatautils.pdb
e:\desktop\kart\tiredataanalyzer\tiredataanalyzer\release\fittingsolvercore.dll
e:\desktop\kart\tiredataanalyzer\tiredataanalyzer\release\fittingsolvercore.pdb
e:\desktop\kart\tiredataanalyzer\tiredataanalyzer\fittingsolvercore\release\fittings.878bf22a.tlog\metagen.write.1.tlog
e:\desktop\kart\tiredataanalyzer\tiredataanalyzer\fittingsolvercore\release\fittingsolvercore.vcxprojresolveassemblyreference.cache
e:\desktop\kart\tiredataanalyzer\tiredataanalyzer\fittingsolvercore\release\fittings.878bf22a.tlog\cl.command.1.tlog
e:\desktop\kart\tiredataanalyzer\tiredataanalyzer\fittingsolvercore\release\fittings.878bf22a.tlog\cl.read.1.tlog
e:\desktop\kart\tiredataanalyzer\tiredataanalyzer\fittingsolvercore\release\fittings.878bf22a.tlog\cl.write.1.tlog
e:\desktop\kart\tiredataanalyzer\tiredataanalyzer\fittingsolvercore\release\fittings.878bf22a.tlog\fittingsolvercore.write.1u.tlog
e:\desktop\kart\tiredataanalyzer\tiredataanalyzer\fittingsolvercore\release\fittings.878bf22a.tlog\link.command.1.tlog
e:\desktop\kart\tiredataanalyzer\tiredataanalyzer\fittingsolvercore\release\fittings.878bf22a.tlog\link.read.1.tlog
e:\desktop\kart\tiredataanalyzer\tiredataanalyzer\fittingsolvercore\release\fittings.878bf22a.tlog\link.write.1.tlog
e:\desktop\kart\tiredataanalyzer\tiredataanalyzer\fittingsolvercore\release\fittings.878bf22a.tlog\metagen.read.1.tlog
e:\desktop\kart\tiredataanalyzer\tiredataanalyzer\fittingsolvercore\release\fittings.878bf22a.tlog\tiredatautils.dll.metagen
e:\desktop\kart\tiredataanalyzer\tiredataanalyzer\fittingsolvercore\release\fittings.878bf22a.tlog\tzres.dll.bi
